[21:39:09] [main/DEBUG] [FML/]: Injecting tracing printstreams for STDOUT/STDERR.
[21:39:09] [main/INFO] [FML/]: Forge Mod Loader version 7.99.36.1558 for Minecraft 1.7.10 loading
[21:39:09] [main/INFO] [FML/]: Java is Java HotSpot(TM) 64-Bit Server VM, version 1.8.0_151, running on Windows 10:amd64:10.0, installed at C:\Program Files\Java\jre1.8.0_151
[21:39:09] [main/DEBUG] [FML/]: Java classpath at launch is forge.jar
[21:39:09] [main/DEBUG] [FML/]: Java library path at launch is C:\ProgramData\Oracle\Java\javapath;C:\WINDOWS\Sun\Java\bin;C:\WINDOWS\system32;C:\WINDOWS;C:\Program Files (x86)\Python36-32\Scripts\;C:\Program Files (x86)\Python36-32\;C:\ProgramData\Oracle\Java\javapath;C:\Windows\system32;C:\Windows;C:\Windows\System32\Wbem;C:\Windows\System32\WindowsPowerShell\v1.0\;C:\Program Files (x86)\NVIDIA Corporation\PhysX\Common;C:\Program Files\Zero Install;C:\Program Files\Git\cmd;C:\Program Files (x86)\Brackets\command;C:\WINDOWS\system32;C:\WINDOWS;C:\WINDOWS\System32\Wbem;C:\WINDOWS\System32\WindowsPowerShell\v1.0\;C:\Program Files\MiKTeX\miktex\bin\x64\;C:\Program Files (x86)\Windows Kits\8.1\Windows Performance Toolkit\;C:\Ruby24-x64\bin;C:\Users\archer\AppData\Local\Microsoft\WindowsApps;C:\Users\archer\AppData\Local\atom\bin;C:\Program Files (x86)\Nmap;C:\Program Files\Docker Toolbox;C:\Users\archer\AppData\Local\Microsoft\WindowsApps;;.
[21:39:09] [main/DEBUG] [FML/]: Enabling runtime deobfuscation
[21:39:09] [main/DEBUG] [FML/]: Instantiating coremod class FMLCorePlugin
[21:39:09] [main/DEBUG] [FML/]: Added access transformer class cpw.mods.fml.common.asm.transformers.AccessTransformer to enqueued access transformers
[21:39:09] [main/DEBUG] [FML/]: Enqueued coremod FMLCorePlugin
[21:39:09] [main/DEBUG] [FML/]: Instantiating coremod class FMLForgePlugin
[21:39:09] [main/DEBUG] [FML/]: Added access transformer class net.minecraftforge.transformers.ForgeAccessTransformer to enqueued access transformers
[21:39:09] [main/DEBUG] [FML/]: Enqueued coremod FMLForgePlugin
[21:39:09] [main/DEBUG] [FML/]: All fundamental core mods are successfully located
[21:39:09] [main/DEBUG] [FML/]: Attempting to load commandline specified mods, relative to C:\Users\archer\Downloads\hex2\git-tekxit-server\.
[21:39:09] [main/DEBUG] [FML/]: Discovering coremods
[21:39:09] [main/DEBUG] [FML/]: Examining for coremod candidacy [1.7.10]bspkrsCore-universal-6.16.jar
[21:39:09] [main/DEBUG] [FML/]: Not found coremod data in [1.7.10]bspkrsCore-universal-6.16.jar
[21:39:09] [main/DEBUG] [FML/]: Examining for coremod candidacy [1.7.10]Treecapitator-universal-2.0.4.jar
[21:39:09] [main/DEBUG] [FML/]: Not found coremod data in [1.7.10]Treecapitator-universal-2.0.4.jar
[21:39:09] [main/DEBUG] [FML/]: Examining for coremod candidacy AdvancedSolarPanel-1.7.10-3.5.1.jar
[21:39:09] [main/DEBUG] [FML/]: Not found coremod data in AdvancedSolarPanel-1.7.10-3.5.1.jar
[21:39:09] [main/DEBUG] [FML/]: Examining for coremod candidacy aether-1.7.10-1.6.jar
[21:39:09] [main/DEBUG] [FML/]: Not found coremod data in aether-1.7.10-1.6.jar
[21:39:09] [main/DEBUG] [FML/]: Examining for coremod candidacy appliedenergistics2-rv2-stable-10.jar
[21:39:09] [main/TRACE] [FML/]: Found FMLCorePluginContainsFMLMod marker in appliedenergistics2-rv2-stable-10.jar, it will be examined later for regular @Mod instances
[21:39:09] [main/DEBUG] [FML/]: Instantiating coremod class AppEngCore
[21:39:09] [main/DEBUG] [FML/]: The coremod appeng.transformer.AppEngCore requested minecraft version 1.7.10 and minecraft is 1.7.10. It will be loaded.
[21:39:09] [main/INFO] [FML/]: [AppEng] Core Init
[21:39:09] [main/DEBUG] [FML/]: Added access transformer class appeng.transformer.asm.ASMTweaker to enqueued access transformers
[21:39:09] [main/DEBUG] [FML/]: Enqueued coremod AppEngCore
[21:39:09] [main/DEBUG] [FML/]: Examining for coremod candidacy Artifice-1.7.10-1.1.5R-399.jar
[21:39:09] [main/DEBUG] [FML/]: Not found coremod data in Artifice-1.7.10-1.1.5R-399.jar
[21:39:09] [main/DEBUG] [FML/]: Examining for coremod candidacy backpack-2.0.1-1.7.x.jar
[21:39:10] [main/DEBUG] [FML/]: Not found coremod data in backpack-2.0.1-1.7.x.jar
[21:39:10] [main/DEBUG] [FML/]: Examining for coremod candidacy BattleTowers-1.7.10.jar
[21:39:10] [main/DEBUG] [FML/]: Not found coremod data in BattleTowers-1.7.10.jar
[21:39:10] [main/DEBUG] [FML/]: Examining for coremod candidacy Baubles-1.7.10-1.0.1.10.jar
[21:39:10] [main/DEBUG] [FML/]: Not found coremod data in Baubles-1.7.10-1.0.1.10.jar
[21:39:10] [main/DEBUG] [FML/]: Examining for coremod candidacy BetterStorage-1.7.10-0.13.1.127.jar
[21:39:10] [main/DEBUG] [FML/]: Not found coremod data in BetterStorage-1.7.10-0.13.1.127.jar
[21:39:10] [main/DEBUG] [FML/]: Examining for coremod candidacy BiblioCraft[v1.11.7][MC1.7.10].jar
[21:39:10] [main/DEBUG] [FML/]: Not found coremod data in BiblioCraft[v1.11.7][MC1.7.10].jar
[21:39:10] [main/DEBUG] [FML/]: Examining for coremod candidacy BiblioWoods[ExtraBiomesXL][v1.4].jar
[21:39:10] [main/DEBUG] [FML/]: Not found coremod data in BiblioWoods[ExtraBiomesXL][v1.4].jar
[21:39:10] [main/DEBUG] [FML/]: Examining for coremod candidacy BiblioWoods[Natura][v1.5].jar
[21:39:10] [main/DEBUG] [FML/]: Not found coremod data in BiblioWoods[Natura][v1.5].jar
[21:39:10] [main/DEBUG] [FML/]: Examining for coremod candidacy Botania r1.8-249.jar
[21:39:10] [main/DEBUG] [FML/]: Not found coremod data in Botania r1.8-249.jar
[21:39:10] [main/DEBUG] [FML/]: Examining for coremod candidacy BrandonsCore-1.0.0.12.jar
[21:39:10] [main/TRACE] [FML/]: Found FMLCorePluginContainsFMLMod marker in BrandonsCore-1.0.0.12.jar, it will be examined later for regular @Mod instances
[21:39:10] [main/DEBUG] [FML/]: Instantiating coremod class LoadingPlugin
[21:39:10] [main/TRACE] [FML/]: coremod named Brandon's Core is loading
[21:39:10] [main/DEBUG] [FML/]: The coremod com.brandon3055.brandonscore.asm.LoadingPlugin requested minecraft version 1.7.10 and minecraft is 1.7.10. It will be loaded.
[21:39:10] [main/DEBUG] [FML/]: Enqueued coremod Brandon's Core
[21:39:10] [main/DEBUG] [FML/]: Examining for coremod candidacy buildcraft-7.1.23.jar
[21:39:10] [main/DEBUG] [FML/]: Not found coremod data in buildcraft-7.1.23.jar
[21:39:10] [main/DEBUG] [FML/]: Examining for coremod candidacy buildcraft-compat-7.1.7.jar
[21:39:10] [main/DEBUG] [FML/]: Not found coremod data in buildcraft-compat-7.1.7.jar
[21:39:10] [main/DEBUG] [FML/]: Examining for coremod candidacy Carpenter's Blocks v3.3.8.1 - MC 1.7.10.jar
[21:39:10] [main/DEBUG] [FML/]: Not found coremod data in Carpenter's Blocks v3.3.8.1 - MC 1.7.10.jar
[21:39:10] [main/DEBUG] [FML/]: Examining for coremod candidacy ChestTransporter-1.7.10-2.0.6.jar
[21:39:10] [main/DEBUG] [FML/]: Not found coremod data in ChestTransporter-1.7.10-2.0.6.jar
[21:39:10] [main/DEBUG] [FML/]: Examining for coremod candidacy Chisel-2.9.5.11.jar
[21:39:10] [main/DEBUG] [FML/]: Not found coremod data in Chisel-2.9.5.11.jar
[21:39:10] [main/DEBUG] [FML/]: Examining for coremod candidacy ChocoCraft-4.1.5.jar
[21:39:10] [main/DEBUG] [FML/]: Not found coremod data in ChocoCraft-4.1.5.jar
[21:39:10] [main/DEBUG] [FML/]: Examining for coremod candidacy chocolateQuest-1.7.10-1.1d.jar
[21:39:10] [main/DEBUG] [FML/]: Not found coremod data in chocolateQuest-1.7.10-1.1d.jar
[21:39:10] [main/DEBUG] [FML/]: Examining for coremod candidacy CodeChickenCore-1.7.10-1.0.7.47-universal.jar
[21:39:10] [main/TRACE] [FML/]: Adding CodeChickenCore-1.7.10-1.0.7.47-universal.jar to the list of known coremods, it will not be examined again
[21:39:10] [main/DEBUG] [FML/]: Instantiating coremod class CodeChickenCorePlugin
[21:39:10] [main/WARN] [FML/]: The coremod codechicken.core.launch.CodeChickenCorePlugin does not have a MCVersion annotation, it may cause issues with this version of Minecraft
[21:39:11] [main/INFO] [STDERR/]: [codechicken.core.launch.DepLoader$DepLoadInst:checkExisting:436]: Warning: version of CodeChickenLib, 1.1.3.140 is newer than request 1.1.3.138
[21:39:11] [main/INFO] [STDERR/]: [codechicken.core.launch.DepLoader$DepLoadInst:checkExisting:436]: Warning: version of bspkrsCore, 6.16 is newer than request 6.15
[21:39:11] [main/DEBUG] [FML/]: Added access transformer class codechicken.core.asm.CodeChickenAccessTransformer to enqueued access transformers
[21:39:11] [main/DEBUG] [FML/]: Enqueued coremod CodeChickenCorePlugin
[21:39:11] [main/DEBUG] [FML/]: Examining for coremod candidacy CodeChickenLib-1.7.10-1.1.3.140-universal.jar
[21:39:11] [main/DEBUG] [FML/]: Not found coremod data in CodeChickenLib-1.7.10-1.1.3.140-universal.jar
[21:39:11] [main/DEBUG] [FML/]: Examining for coremod candidacy CoFHCore-[1.7.10]3.1.4-329.jar
[21:39:11] [main/TRACE] [FML/]: Found FMLCorePluginContainsFMLMod marker in CoFHCore-[1.7.10]3.1.4-329.jar, it will be examined later for regular @Mod instances
[21:39:11] [main/DEBUG] [FML/]: Instantiating coremod class LoadingPlugin
[21:39:11] [main/WARN] [FML/]: The coremod cofh.asm.LoadingPlugin does not have a MCVersion annotation, it may cause issues with this version of Minecraft
[21:39:11] [main/DEBUG] [FML/]: Added access transformer class cofh.asm.CoFHAccessTransformer to enqueued access transformers
[21:39:11] [main/DEBUG] [FML/]: Enqueued coremod LoadingPlugin
[21:39:11] [main/DEBUG] [FML/]: Examining for coremod candidacy Draconic-Evolution-1.7.10-1.0.2h.jar
[21:39:11] [main/DEBUG] [FML/]: Not found coremod data in Draconic-Evolution-1.7.10-1.0.2h.jar
[21:39:11] [main/DEBUG] [FML/]: Examining for coremod candidacy EnchantingPlus-1.7.10-3.0.2-d.jar
[21:39:11] [main/DEBUG] [FML/]: Not found coremod data in EnchantingPlus-1.7.10-3.0.2-d.jar
[21:39:11] [main/DEBUG] [FML/]: Examining for coremod candidacy EnderStorage-1.7.10-1.4.7.38-universal.jar
[21:39:11] [main/DEBUG] [FML/]: Not found coremod data in EnderStorage-1.7.10-1.4.7.38-universal.jar
[21:39:11] [main/DEBUG] [FML/]: Examining for coremod candidacy extrabiomesxl_1.7.10-3.16.4.jar
[21:39:11] [main/DEBUG] [FML/]: Not found coremod data in extrabiomesxl_1.7.10-3.16.4.jar
[21:39:11] [main/DEBUG] [FML/]: Examining for coremod candidacy ExtraTiC-1.7.10-1.4.6.jar
[21:39:11] [main/DEBUG] [FML/]: Not found coremod data in ExtraTiC-1.7.10-1.4.6.jar
[21:39:11] [main/DEBUG] [FML/]: Examining for coremod candidacy extrautilities-1.2.12.jar
[21:39:11] [main/DEBUG] [FML/]: Not found coremod data in extrautilities-1.2.12.jar
[21:39:11] [main/DEBUG] [FML/]: Examining for coremod candidacy Flesh2Lether [1.7.10b].jar
[21:39:11] [main/DEBUG] [FML/]: Not found coremod data in Flesh2Lether [1.7.10b].jar
[21:39:11] [main/DEBUG] [FML/]: Examining for coremod candidacy ForgeMultipart-1.7.10-1.2.0.347-universal.jar
[21:39:11] [main/TRACE] [FML/]: Found FMLCorePluginContainsFMLMod marker in ForgeMultipart-1.7.10-1.2.0.347-universal.jar, it will be examined later for regular @Mod instances
[21:39:11] [main/DEBUG] [FML/]: Instantiating coremod class DepLoader
[21:39:11] [main/WARN] [FML/]: The coremod codechicken.core.launch.DepLoader does not have a MCVersion annotation, it may cause issues with this version of Minecraft
[21:39:11] [main/DEBUG] [FML/]: Enqueued coremod DepLoader
[21:39:11] [main/DEBUG] [FML/]: Examining for coremod candidacy Galacticraft-Planets-1.7-3.0.12.502.jar
[21:39:11] [main/DEBUG] [FML/]: Not found coremod data in Galacticraft-Planets-1.7-3.0.12.502.jar
[21:39:11] [main/DEBUG] [FML/]: Examining for coremod candidacy GalacticraftCore-1.7-3.0.12.502.jar
[21:39:11] [main/DEBUG] [FML/]: Not found coremod data in GalacticraftCore-1.7-3.0.12.502.jar
[21:39:11] [main/DEBUG] [FML/]: Examining for coremod candidacy gilded-games-util-1.7.10-1.9.jar
[21:39:11] [main/TRACE] [FML/]: Found FMLCorePluginContainsFMLMod marker in gilded-games-util-1.7.10-1.9.jar, it will be examined later for regular @Mod instances
[21:39:11] [main/DEBUG] [FML/]: Instantiating coremod class TLLoadingPlugin
[21:39:11] [main/DEBUG] [FML/]: The coremod com.gildedgames.util.threadedlighting.TLLoadingPlugin requested minecraft version 1.7.10 and minecraft is 1.7.10. It will be loaded.
[21:39:11] [main/DEBUG] [FML/]: Enqueued coremod TLLoadingPlugin
[21:39:11] [main/DEBUG] [FML/]: Examining for coremod candidacy HardcoreEnderExpansion  MC-1.7.10  v1.8.6.jar
[21:39:11] [main/DEBUG] [FML/]: Not found coremod data in HardcoreEnderExpansion  MC-1.7.10  v1.8.6.jar
[21:39:11] [main/DEBUG] [FML/]: Examining for coremod candidacy HelpFixer-1.0.7.jar
[21:39:11] [main/DEBUG] [FML/]: Not found coremod data in HelpFixer-1.0.7.jar
[21:39:11] [main/DEBUG] [FML/]: Examining for coremod candidacy hexxitgear-1.0.jar
[21:39:11] [main/DEBUG] [FML/]: Not found coremod data in hexxitgear-1.0.jar
[21:39:11] [main/DEBUG] [FML/]: Examining for coremod candidacy iChunUtil-4.2.3.jar
[21:39:11] [main/DEBUG] [FML/]: Not found coremod data in iChunUtil-4.2.3.jar
[21:39:11] [main/DEBUG] [FML/]: Examining for coremod candidacy IguanaTinkerTweaks-1.7.10-2.1.6.jar
[21:39:11] [main/DEBUG] [FML/]: Not found coremod data in IguanaTinkerTweaks-1.7.10-2.1.6.jar
[21:39:11] [main/DEBUG] [FML/]: Examining for coremod candidacy immibis-core-59.1.4.jar
[21:39:11] [main/TRACE] [FML/]: Found FMLCorePluginContainsFMLMod marker in immibis-core-59.1.4.jar, it will be examined later for regular @Mod instances
[21:39:11] [main/DEBUG] [FML/]: Instantiating coremod class ICCoreMod
[21:39:11] [main/WARN] [FML/]: The coremod mods.immibis.core.ICCoreMod does not have a MCVersion annotation, it may cause issues with this version of Minecraft
[21:39:11] [main/DEBUG] [FML/]: Enqueued coremod ICCoreMod
[21:39:11] [main/DEBUG] [FML/]: Examining for coremod candidacy immibis-microblocks-59.1.2.jar
[21:39:11] [main/TRACE] [FML/]: Adding immibis-microblocks-59.1.2.jar to the list of known coremods, it will not be examined again
[21:39:11] [main/DEBUG] [FML/]: Instantiating coremod class MicroblocksCoreMod
[21:39:11] [main/WARN] [FML/]: The coremod mods.immibis.microblocks.coremod.MicroblocksCoreMod does not have a MCVersion annotation, it may cause issues with this version of Minecraft
[21:39:11] [main/DEBUG] [FML/]: Enqueued coremod MicroblocksCoreMod
[21:39:11] [main/DEBUG] [FML/]: Examining for coremod candidacy industrialcraft-2-2.2.828-experimental.jar
[21:39:11] [main/TRACE] [FML/]: Found FMLCorePluginContainsFMLMod marker in industrialcraft-2-2.2.828-experimental.jar, it will be examined later for regular @Mod instances
[21:39:11] [main/DEBUG] [FML/]: Instantiating coremod class IC2core
[21:39:11] [main/WARN] [FML/]: The coremod ic2.core.coremod.IC2core does not have a MCVersion annotation, it may cause issues with this version of Minecraft
[21:39:11] [main/DEBUG] [FML/]: Enqueued coremod IC2core
[21:39:11] [main/DEBUG] [FML/]: Examining for coremod candidacy InfernalMobs-1.7.10.jar
[21:39:11] [main/DEBUG] [FML/]: Not found coremod data in InfernalMobs-1.7.10.jar
[21:39:11] [main/DEBUG] [FML/]: Examining for coremod candidacy ironchest-1.7.10-6.0.62.742-universal.jar
[21:39:11] [main/DEBUG] [FML/]: Not found coremod data in ironchest-1.7.10-6.0.62.742-universal.jar
[21:39:11] [main/DEBUG] [FML/]: Examining for coremod candidacy journeymap-1.7.10-5.1.4p2-unlimited.jar
[21:39:11] [main/DEBUG] [FML/]: Not found coremod data in journeymap-1.7.10-5.1.4p2-unlimited.jar
[21:39:11] [main/DEBUG] [FML/]: Examining for coremod candidacy LibSandstone-1.0.0.jar
[21:39:11] [main/DEBUG] [FML/]: Not found coremod data in LibSandstone-1.0.0.jar
[21:39:11] [main/DEBUG] [FML/]: Examining for coremod candidacy Mantle-1.7.10-0.3.2b.jar
[21:39:11] [main/DEBUG] [FML/]: Not found coremod data in Mantle-1.7.10-0.3.2b.jar
[21:39:11] [main/DEBUG] [FML/]: Examining for coremod candidacy meteors-1.7.10-2.14.3.jar
[21:39:11] [main/DEBUG] [FML/]: Not found coremod data in meteors-1.7.10-2.14.3.jar
[21:39:11] [main/DEBUG] [FML/]: Examining for coremod candidacy MicdoodleCore-1.7-3.0.12.502.jar
[21:39:11] [main/TRACE] [FML/]: Adding MicdoodleCore-1.7-3.0.12.502.jar to the list of known coremods, it will not be examined again
[21:39:11] [main/DEBUG] [FML/]: Instantiating coremod class MicdoodlePlugin
[21:39:11] [main/WARN] [FML/]: The coremod micdoodle8.mods.miccore.MicdoodlePlugin does not have a MCVersion annotation, it may cause issues with this version of Minecraft
[21:39:11] [main/INFO] [STDOUT/]: [micdoodle8.mods.miccore.DepLoader$DepLoadInst:<init>:333]: MicdoodleCore searching for dependencies in mods file: C:\Users\archer\Downloads\hex2\git-tekxit-server\.\mods
[21:39:11] [main/DEBUG] [FML/]: Added access transformer class micdoodle8.mods.miccore.MicdoodleAccessTransformer to enqueued access transformers
[21:39:11] [main/DEBUG] [FML/]: Enqueued coremod MicdoodlePlugin
[21:39:11] [main/DEBUG] [FML/]: Examining for coremod candidacy MineFactoryReloaded-[1.7.10]2.8.1-174.jar
[21:39:11] [main/DEBUG] [FML/]: Not found coremod data in MineFactoryReloaded-[1.7.10]2.8.1-174.jar
[21:39:11] [main/DEBUG] [FML/]: Examining for coremod candidacy MoreBows2-1.2.jar
[21:39:11] [main/DEBUG] [FML/]: Not found coremod data in MoreBows2-1.2.jar
[21:39:11] [main/DEBUG] [FML/]: Examining for coremod candidacy MrCrayfishFurnitureModv3.4.8(1.7.10).jar
[21:39:11] [main/DEBUG] [FML/]: Not found coremod data in MrCrayfishFurnitureModv3.4.8(1.7.10).jar
[21:39:11] [main/DEBUG] [FML/]: Examining for coremod candidacy natura-1.7.10-2.2.0.1.jar
[21:39:11] [main/DEBUG] [FML/]: Not found coremod data in natura-1.7.10-2.2.0.1.jar
[21:39:11] [main/DEBUG] [FML/]: Examining for coremod candidacy neiaddons-1.12.14.40-mc1.7.10.jar
[21:39:11] [main/DEBUG] [FML/]: Not found coremod data in neiaddons-1.12.14.40-mc1.7.10.jar
[21:39:11] [main/DEBUG] [FML/]: Examining for coremod candidacy NetherOres-[1.7.10]2.3.1-22.jar
[21:39:11] [main/DEBUG] [FML/]: Not found coremod data in NetherOres-[1.7.10]2.3.1-22.jar
[21:39:11] [main/DEBUG] [FML/]: Examining for coremod candidacy NotEnoughItems-1.7.10-1.0.5.120-universal.jar
[21:39:11] [main/TRACE] [FML/]: Adding NotEnoughItems-1.7.10-1.0.5.120-universal.jar to the list of known coremods, it will not be examined again
[21:39:11] [main/DEBUG] [FML/]: Instantiating coremod class NEICorePlugin
[21:39:11] [main/WARN] [FML/]: The coremod codechicken.nei.asm.NEICorePlugin does not have a MCVersion annotation, it may cause issues with this version of Minecraft
[21:39:11] [main/DEBUG] [FML/]: Enqueued coremod NEICorePlugin
[21:39:11] [main/DEBUG] [FML/]: Examining for coremod candidacy ObsidiPlates-1.7.10-universal-3.0.0.18.jar
[21:39:11] [main/DEBUG] [FML/]: Not found coremod data in ObsidiPlates-1.7.10-universal-3.0.0.18.jar
[21:39:11] [main/DEBUG] [FML/]: Examining for coremod candidacy OpenBlocks-1.7.10-1.6.jar
[21:39:11] [main/TRACE] [FML/]: Found FMLCorePluginContainsFMLMod marker in OpenBlocks-1.7.10-1.6.jar, it will be examined later for regular @Mod instances
[21:39:11] [main/DEBUG] [FML/]: Instantiating coremod class OpenBlocksCorePlugin
[21:39:11] [main/WARN] [FML/]: The coremod openblocks.OpenBlocksCorePlugin does not have a MCVersion annotation, it may cause issues with this version of Minecraft
[21:39:11] [main/DEBUG] [FML/]: Enqueued coremod OpenBlocksCorePlugin
[21:39:11] [main/DEBUG] [FML/]: Examining for coremod candidacy OpenModsLib-1.7.10-0.10.jar
[21:39:11] [main/TRACE] [FML/]: Found FMLCorePluginContainsFMLMod marker in OpenModsLib-1.7.10-0.10.jar, it will be examined later for regular @Mod instances
[21:39:11] [main/DEBUG] [FML/]: Instantiating coremod class OpenModsCorePlugin
[21:39:11] [main/WARN] [FML/]: The coremod openmods.core.OpenModsCorePlugin does not have a MCVersion annotation, it may cause issues with this version of Minecraft
[21:39:11] [main/DEBUG] [OpenMods/]: openmods.core.OpenModsCorePlugin.<init>(OpenModsCorePlugin.java:18): <OpenModsLib 0.10>\o
[21:39:11] [main/DEBUG] [FML/]: Enqueued coremod OpenModsCorePlugin
[21:39:11] [main/DEBUG] [FML/]: Examining for coremod candidacy Pam's HarvestCraft 1.7.10Lb.jar
[21:39:11] [main/DEBUG] [FML/]: Not found coremod data in Pam's HarvestCraft 1.7.10Lb.jar
[21:39:11] [main/DEBUG] [FML/]: Examining for coremod candidacy PlayerAPI-1.7.10-1.4.jar
[21:39:11] [main/TRACE] [FML/]: Adding PlayerAPI-1.7.10-1.4.jar to the list of known coremods, it will not be examined again
[21:39:11] [main/DEBUG] [FML/]: Instantiating coremod class PlayerAPIPlugin
[21:39:11] [main/DEBUG] [FML/]: The coremod api.player.forge.PlayerAPIPlugin requested minecraft version 1.7.10 and minecraft is 1.7.10. It will be loaded.
[21:39:11] [main/DEBUG] [FML/]: Enqueued coremod PlayerAPIPlugin
[21:39:11] [main/DEBUG] [FML/]: Examining for coremod candidacy PowerConverters-1.7.10_3.2.1.jar
[21:39:11] [main/DEBUG] [FML/]: Not found coremod data in PowerConverters-1.7.10_3.2.1.jar
[21:39:11] [main/DEBUG] [FML/]: Examining for coremod candidacy ProjectE-1.7.10-PE1.10.1.jar
[21:39:11] [main/DEBUG] [FML/]: Not found coremod data in ProjectE-1.7.10-PE1.10.1.jar
[21:39:11] [main/DEBUG] [FML/]: Examining for coremod candidacy ProjectZulu-1.7.10-1.4c2.jar
[21:39:11] [main/DEBUG] [FML/]: Not found coremod data in ProjectZulu-1.7.10-1.4c2.jar
[21:39:11] [main/DEBUG] [FML/]: Examining for coremod candidacy Railcraft_1.7.10-9.12.2.0.jar
[21:39:11] [main/DEBUG] [FML/]: Not found coremod data in Railcraft_1.7.10-9.12.2.0.jar
[21:39:11] [main/DEBUG] [FML/]: Examining for coremod candidacy Reliquary-1.2.jar
[21:39:11] [main/TRACE] [FML/]: Found FMLCorePluginContainsFMLMod marker in Reliquary-1.2.jar, it will be examined later for regular @Mod instances
[21:39:11] [main/DEBUG] [FML/]: Instantiating coremod class DepLoader
[21:39:11] [main/WARN] [FML/]: The coremod xreliquary.common.asm.DepLoader does not have a MCVersion annotation, it may cause issues with this version of Minecraft
[21:39:11] [main/DEBUG] [FML/]: Enqueued coremod DepLoader
[21:39:11] [main/DEBUG] [FML/]: Examining for coremod candidacy Ruins-1.7.10.jar
[21:39:11] [main/DEBUG] [FML/]: Not found coremod data in Ruins-1.7.10.jar
[21:39:11] [main/DEBUG] [FML/]: Examining for coremod candidacy secretroomsmod-1.7.10-4.7.1.413.jar
[21:39:11] [main/DEBUG] [FML/]: Not found coremod data in secretroomsmod-1.7.10-4.7.1.413.jar
[21:39:11] [main/DEBUG] [FML/]: Examining for coremod candidacy SoulShards-TOW-1.7.10-0.1-RC9-7.jar
[21:39:11] [main/DEBUG] [FML/]: Not found coremod data in SoulShards-TOW-1.7.10-0.1-RC9-7.jar
[21:39:11] [main/DEBUG] [FML/]: Examining for coremod candidacy SpawnCommands-2.2.2-mc1.7.10-forge.jar
[21:39:11] [main/DEBUG] [FML/]: Not found coremod data in SpawnCommands-2.2.2-mc1.7.10-forge.jar
[21:39:11] [main/DEBUG] [FML/]: Examining for coremod candidacy TConstruct-1.7.10-1.8.8.jar
[21:39:11] [main/DEBUG] [FML/]: Not found coremod data in TConstruct-1.7.10-1.8.8.jar
[21:39:11] [main/DEBUG] [FML/]: Examining for coremod candidacy Thaumcraft-1.7.10-4.2.3.5.jar
[21:39:11] [main/TRACE] [FML/]: Found FMLCorePluginContainsFMLMod marker in Thaumcraft-1.7.10-4.2.3.5.jar, it will be examined later for regular @Mod instances
[21:39:11] [main/DEBUG] [FML/]: Instantiating coremod class DepLoader
[21:39:11] [main/WARN] [FML/]: The coremod thaumcraft.codechicken.core.launch.DepLoader does not have a MCVersion annotation, it may cause issues with this version of Minecraft
[21:39:11] [main/DEBUG] [FML/]: Enqueued coremod DepLoader
[21:39:11] [main/DEBUG] [FML/]: Examining for coremod candidacy ThermalDynamics-[1.7.10]1.2.1-172.jar
[21:39:11] [main/DEBUG] [FML/]: Not found coremod data in ThermalDynamics-[1.7.10]1.2.1-172.jar
[21:39:11] [main/DEBUG] [FML/]: Examining for coremod candidacy ThermalExpansion-[1.7.10]4.1.5-248.jar
[21:39:11] [main/DEBUG] [FML/]: Not found coremod data in ThermalExpansion-[1.7.10]4.1.5-248.jar
[21:39:11] [main/DEBUG] [FML/]: Examining for coremod candidacy ThermalFoundation-[1.7.10]1.2.6-118.jar
[21:39:11] [main/DEBUG] [FML/]: Not found coremod data in ThermalFoundation-[1.7.10]1.2.6-118.jar
[21:39:11] [main/DEBUG] [FML/]: Examining for coremod candidacy twilightforest-1.7.10-2.3.7.jar
[21:39:11] [main/DEBUG] [FML/]: Not found coremod data in twilightforest-1.7.10-2.3.7.jar
[21:39:11] [main/DEBUG] [FML/]: Examining for coremod candidacy VecMathInjection.jar
[21:39:11] [main/DEBUG] [FML/]: Not found coremod data in VecMathInjection.jar
[21:39:11] [main/DEBUG] [FML/]: Examining for coremod candidacy weaponmod-1.14.3.jar
[21:39:11] [main/DEBUG] [FML/]: Not found coremod data in weaponmod-1.14.3.jar
[21:39:11] [main/DEBUG] [FML/]: Examining for coremod candidacy WildCaves3-0.4.3.7(1.7.10).jar
[21:39:11] [main/DEBUG] [FML/]: Not found coremod data in WildCaves3-0.4.3.7(1.7.10).jar
[21:39:11] [main/DEBUG] [FML/]: Examining for coremod candidacy witchery-1.7.10-0.24.1.jar
[21:39:11] [main/DEBUG] [FML/]: Not found coremod data in witchery-1.7.10-0.24.1.jar
[21:39:11] [main/INFO] [LaunchWrapper/]: Loading tweak class name cpw.mods.fml.common.launcher.FMLInjectionAndSortingTweaker
[21:39:11] [main/INFO] [LaunchWrapper/]: Loading tweak class name cpw.mods.fml.common.launcher.FMLDeobfTweaker
[21:39:11] [main/INFO] [LaunchWrapper/]: Calling tweak class cpw.mods.fml.common.launcher.FMLInjectionAndSortingTweaker
[21:39:11] [main/INFO] [LaunchWrapper/]: Calling tweak class cpw.mods.fml.common.launcher.FMLInjectionAndSortingTweaker
[21:39:11] [main/INFO] [LaunchWrapper/]: Calling tweak class cpw.mods.fml.relauncher.CoreModManager$FMLPluginWrapper
[21:39:11] [main/DEBUG] [FML/]: Injecting coremod FMLCorePlugin {cpw.mods.fml.relauncher.FMLCorePlugin} class transformers
[21:39:11] [main/TRACE] [FML/]: Registering transformer cpw.mods.fml.common.asm.transformers.MarkerTransformer
[21:39:11] [main/TRACE] [FML/]: Registering transformer cpw.mods.fml.common.asm.transformers.SideTransformer
[21:39:11] [main/TRACE] [FML/]: Registering transformer cpw.mods.fml.common.asm.transformers.EventSubscriptionTransformer
[21:39:11] [main/DEBUG] [FML/]: Injection complete
[21:39:11] [main/DEBUG] [FML/]: Running coremod plugin for FMLCorePlugin {cpw.mods.fml.relauncher.FMLCorePlugin}
[21:39:11] [main/DEBUG] [FML/]: Running coremod plugin FMLCorePlugin
[21:39:11] [main/DEBUG] [FML/]: Read 527 binary patches
[21:39:12] [main/INFO] [FML/]: Found valid fingerprint for Minecraft Forge. Certificate fingerprint e3c3d50c7c986df74c645c0ac54639741c90a557
[21:39:12] [main/DEBUG] [FML/]: Coremod plugin class FMLCorePlugin run successfully
[21:39:12] [main/INFO] [LaunchWrapper/]: Calling tweak class cpw.mods.fml.relauncher.CoreModManager$FMLPluginWrapper
[21:39:12] [main/DEBUG] [FML/]: Injecting coremod FMLForgePlugin {net.minecraftforge.classloading.FMLForgePlugin} class transformers
[21:39:12] [main/TRACE] [FML/]: Registering transformer net.minecraftforge.classloading.FluidIdTransformer
[21:39:12] [main/DEBUG] [FML/]: Injection complete
[21:39:12] [main/DEBUG] [FML/]: Running coremod plugin for FMLForgePlugin {net.minecraftforge.classloading.FMLForgePlugin}
[21:39:12] [main/DEBUG] [FML/]: Running coremod plugin FMLForgePlugin
[21:39:12] [main/DEBUG] [FML/]: Coremod plugin class FMLForgePlugin run successfully
[21:39:12] [main/INFO] [LaunchWrapper/]: Calling tweak class cpw.mods.fml.relauncher.CoreModManager$FMLPluginWrapper
[21:39:12] [main/DEBUG] [FML/]: Injecting coremod CCCDeobfPlugin {codechicken.core.asm.MCPDeobfuscationTransformer$LoadPlugin} class transformers
[21:39:12] [main/DEBUG] [FML/]: Injection complete
[21:39:12] [main/DEBUG] [FML/]: Running coremod plugin for CCCDeobfPlugin {codechicken.core.asm.MCPDeobfuscationTransformer$LoadPlugin}
[21:39:12] [main/DEBUG] [FML/]: Running coremod plugin CCCDeobfPlugin
[21:39:12] [main/DEBUG] [FML/]: Coremod plugin class LoadPlugin run successfully
[21:39:12] [main/INFO] [LaunchWrapper/]: Calling tweak class cpw.mods.fml.relauncher.CoreModManager$FMLPluginWrapper
[21:39:12] [main/DEBUG] [FML/]: Injecting coremod AppEngCore {appeng.transformer.AppEngCore} class transformers
[21:39:12] [main/TRACE] [FML/]: Registering transformer appeng.transformer.asm.ASMIntegration
[21:39:12] [main/DEBUG] [FML/]: Injection complete
[21:39:12] [main/DEBUG] [FML/]: Running coremod plugin for AppEngCore {appeng.transformer.AppEngCore}
[21:39:12] [main/DEBUG] [FML/]: Running coremod plugin AppEngCore
[21:39:12] [main/DEBUG] [FML/]: Coremod plugin class AppEngCore run successfully
[21:39:12] [main/INFO] [LaunchWrapper/]: Calling tweak class cpw.mods.fml.relauncher.CoreModManager$FMLPluginWrapper
[21:39:12] [main/DEBUG] [FML/]: Injecting coremod CodeChickenCorePlugin {codechicken.core.launch.CodeChickenCorePlugin} class transformers
[21:39:12] [main/TRACE] [FML/]: Registering transformer codechicken.lib.asm.ClassHeirachyManager
[21:39:12] [main/TRACE] [FML/]: Registering transformer codechicken.core.asm.InterfaceDependancyTransformer
[21:39:12] [main/TRACE] [FML/]: Registering transformer codechicken.core.asm.TweakTransformer
[21:39:12] [main/TRACE] [FML/]: Registering transformer codechicken.core.asm.DelegatedTransformer
[21:39:12] [main/TRACE] [FML/]: Registering transformer codechicken.core.asm.DefaultImplementationTransformer
[21:39:12] [main/DEBUG] [FML/]: Injection complete
[21:39:12] [main/DEBUG] [FML/]: Running coremod plugin for CodeChickenCorePlugin {codechicken.core.launch.CodeChickenCorePlugin}
[21:39:12] [main/DEBUG] [FML/]: Running coremod plugin CodeChickenCorePlugin
[21:39:12] [main/DEBUG] [FML/]: Coremod plugin class CodeChickenCorePlugin run successfully
[21:39:12] [main/INFO] [LaunchWrapper/]: Calling tweak class cpw.mods.fml.relauncher.CoreModManager$FMLPluginWrapper
[21:39:12] [main/DEBUG] [FML/]: Injecting coremod DepLoader {codechicken.core.launch.DepLoader} class transformers
[21:39:12] [main/DEBUG] [FML/]: Injection complete
[21:39:12] [main/DEBUG] [FML/]: Running coremod plugin for DepLoader {codechicken.core.launch.DepLoader}
[21:39:12] [main/DEBUG] [FML/]: Running coremod plugin DepLoader
[21:39:12] [main/DEBUG] [FML/]: Coremod plugin class DepLoader run successfully
[21:39:12] [main/INFO] [LaunchWrapper/]: Calling tweak class cpw.mods.fml.relauncher.CoreModManager$FMLPluginWrapper
[21:39:12] [main/DEBUG] [FML/]: Injecting coremod MicroblocksCoreMod {mods.immibis.microblocks.coremod.MicroblocksCoreMod} class transformers
[21:39:12] [main/TRACE] [FML/]: Registering transformer mods.immibis.microblocks.coremod.MicroblockSupporterTransformer
[21:39:12] [main/DEBUG] [FML/]: Injection complete
[21:39:12] [main/DEBUG] [FML/]: Running coremod plugin for MicroblocksCoreMod {mods.immibis.microblocks.coremod.MicroblocksCoreMod}
[21:39:12] [main/DEBUG] [FML/]: Running coremod plugin MicroblocksCoreMod
[21:39:12] [main/DEBUG] [FML/]: Coremod plugin class MicroblocksCoreMod run successfully
[21:39:12] [main/INFO] [LaunchWrapper/]: Calling tweak class cpw.mods.fml.relauncher.CoreModManager$FMLPluginWrapper
[21:39:12] [main/DEBUG] [FML/]: Injecting coremod IC2core {ic2.core.coremod.IC2core} class transformers
[21:39:12] [main/DEBUG] [FML/]: Injection complete
[21:39:12] [main/DEBUG] [FML/]: Running coremod plugin for IC2core {ic2.core.coremod.IC2core}
[21:39:12] [main/DEBUG] [FML/]: Running coremod plugin IC2core
[21:39:12] [main/INFO] [IC2-core/]: Loaded library EJML-core-0.26.jar.
[21:39:12] [main/DEBUG] [FML/]: Coremod plugin class IC2core run successfully
[21:39:12] [main/INFO] [LaunchWrapper/]: Calling tweak class cpw.mods.fml.relauncher.CoreModManager$FMLPluginWrapper
[21:39:12] [main/DEBUG] [FML/]: Injecting coremod MicdoodlePlugin {micdoodle8.mods.miccore.MicdoodlePlugin} class transformers
[21:39:12] [main/INFO] [STDOUT/]: [micdoodle8.mods.miccore.MicdoodlePlugin:getASMTransformerClass:102]: Successfully Registered Transformer
[21:39:12] [main/TRACE] [FML/]: Registering transformer micdoodle8.mods.miccore.MicdoodleTransformer
[21:39:12] [main/DEBUG] [FML/]: Injection complete
[21:39:12] [main/DEBUG] [FML/]: Running coremod plugin for MicdoodlePlugin {micdoodle8.mods.miccore.MicdoodlePlugin}
[21:39:12] [main/DEBUG] [FML/]: Running coremod plugin MicdoodlePlugin
[21:39:12] [main/INFO] [STDOUT/]: [micdoodle8.mods.miccore.MicdoodlePlugin:injectData:295]: [Micdoodle8Core]: Patching game...
[21:39:12] [main/INFO] [STDOUT/]: [micdoodle8.mods.miccore.MicdoodlePlugin:injectData:295]: [Micdoodle8Core]: Patching game...
[21:39:12] [main/DEBUG] [FML/]: Coremod plugin class MicdoodlePlugin run successfully
[21:39:12] [main/INFO] [LaunchWrapper/]: Calling tweak class cpw.mods.fml.relauncher.CoreModManager$FMLPluginWrapper
[21:39:12] [main/DEBUG] [FML/]: Injecting coremod NEICorePlugin {codechicken.nei.asm.NEICorePlugin} class transformers
[21:39:12] [main/TRACE] [FML/]: Registering transformer codechicken.nei.asm.NEITransformer
[21:39:12] [main/DEBUG] [FML/]: Injection complete
[21:39:12] [main/DEBUG] [FML/]: Running coremod plugin for NEICorePlugin {codechicken.nei.asm.NEICorePlugin}
[21:39:12] [main/DEBUG] [FML/]: Running coremod plugin NEICorePlugin
[21:39:12] [main/DEBUG] [FML/]: Coremod plugin class NEICorePlugin run successfully
[21:39:12] [main/INFO] [LaunchWrapper/]: Calling tweak class cpw.mods.fml.relauncher.CoreModManager$FMLPluginWrapper
[21:39:12] [main/DEBUG] [FML/]: Injecting coremod PlayerAPIPlugin {api.player.forge.PlayerAPIPlugin} class transformers
[21:39:12] [main/TRACE] [FML/]: Registering transformer api.player.forge.PlayerAPITransformer
[21:39:12] [main/DEBUG] [FML/]: Injection complete
[21:39:12] [main/DEBUG] [FML/]: Running coremod plugin for PlayerAPIPlugin {api.player.forge.PlayerAPIPlugin}
[21:39:12] [main/DEBUG] [FML/]: Running coremod plugin PlayerAPIPlugin
[21:39:12] [main/DEBUG] [FML/]: Coremod plugin class PlayerAPIPlugin run successfully
[21:39:12] [main/INFO] [LaunchWrapper/]: Calling tweak class cpw.mods.fml.relauncher.CoreModManager$FMLPluginWrapper
[21:39:12] [main/DEBUG] [FML/]: Injecting coremod DepLoader {xreliquary.common.asm.DepLoader} class transformers
[21:39:12] [main/DEBUG] [FML/]: Injection complete
[21:39:12] [main/DEBUG] [FML/]: Running coremod plugin for DepLoader {xreliquary.common.asm.DepLoader}
[21:39:12] [main/DEBUG] [FML/]: Running coremod plugin DepLoader
[21:39:12] [main/INFO] [STDERR/]: [xreliquary.common.asm.DepLoader$DepLoadInst:checkExisting:433]: Warning: version of bspkrsCore, 6.16 is newer than request 6.15
[21:39:12] [main/DEBUG] [FML/]: Coremod plugin class DepLoader run successfully
[21:39:12] [main/INFO] [LaunchWrapper/]: Calling tweak class cpw.mods.fml.relauncher.CoreModManager$FMLPluginWrapper
[21:39:12] [main/DEBUG] [FML/]: Injecting coremod DepLoader {thaumcraft.codechicken.core.launch.DepLoader} class transformers
[21:39:12] [main/DEBUG] [FML/]: Injection complete
[21:39:12] [main/DEBUG] [FML/]: Running coremod plugin for DepLoader {thaumcraft.codechicken.core.launch.DepLoader}
[21:39:12] [main/DEBUG] [FML/]: Running coremod plugin DepLoader
[21:39:12] [main/INFO] [STDERR/]: [thaumcraft.codechicken.core.launch.DepLoader$DepLoadInst:checkExisting:459]: Warning: version of bspkrsCore, 6.16 is newer than request 6.15
[21:39:12] [main/DEBUG] [FML/]: Coremod plugin class DepLoader run successfully
[21:39:12] [main/INFO] [LaunchWrapper/]: Calling tweak class cpw.mods.fml.relauncher.CoreModManager$FMLPluginWrapper
[21:39:12] [main/DEBUG] [FML/]: Injecting coremod OpenModsCorePlugin {openmods.core.OpenModsCorePlugin} class transformers
[21:39:12] [main/TRACE] [FML/]: Registering transformer openmods.core.OpenModsClassTransformer
[21:39:12] [main/DEBUG] [FML/]: Injection complete
[21:39:12] [main/DEBUG] [FML/]: Running coremod plugin for OpenModsCorePlugin {openmods.core.OpenModsCorePlugin}
[21:39:12] [main/DEBUG] [FML/]: Running coremod plugin OpenModsCorePlugin
[21:39:12] [main/DEBUG] [OpenMods/]: openmods.config.simple.ConfigProcessor.process(ConfigProcessor.java:83): Parsing config file '.\config\OpenModsLibCore.json'
[21:39:12] [main/TRACE] [OpenMods/]: openmods.utils.StateTracker$StateUpdater.update(StateTracker.java:26): State of gl_capabilities_hook updated from DISABLED to ENABLED
[21:39:12] [main/TRACE] [OpenMods/]: openmods.utils.StateTracker$StateUpdater.update(StateTracker.java:26): State of player_render_hook updated from DISABLED to ENABLED
[21:39:12] [main/TRACE] [OpenMods/]: openmods.utils.StateTracker$StateUpdater.update(StateTracker.java:26): State of map_gen_fix updated from DISABLED to ENABLED
[21:39:12] [main/TRACE] [OpenMods/]: openmods.utils.StateTracker$StateUpdater.update(StateTracker.java:26): State of player_damage_hook updated from DISABLED to ENABLED
[21:39:12] [main/TRACE] [OpenMods/]: openmods.utils.StateTracker$StateUpdater.update(StateTracker.java:26): State of movement_callback updated from DISABLED to ENABLED
[21:39:12] [main/TRACE] [OpenMods/]: openmods.utils.StateTracker$StateUpdater.update(StateTracker.java:26): State of stencil_patches updated from DISABLED to ENABLED
[21:39:12] [main/DEBUG] [FML/]: Coremod plugin class OpenModsCorePlugin run successfully
[21:39:12] [main/INFO] [LaunchWrapper/]: Calling tweak class cpw.mods.fml.relauncher.CoreModManager$FMLPluginWrapper
[21:39:12] [main/DEBUG] [FML/]: Injecting coremod OpenBlocksCorePlugin {openblocks.OpenBlocksCorePlugin} class transformers
[21:39:12] [main/TRACE] [FML/]: Registering transformer openblocks.asm.OpenBlocksClassTransformer
[21:39:12] [main/DEBUG] [FML/]: Injection complete
[21:39:12] [main/DEBUG] [FML/]: Running coremod plugin for OpenBlocksCorePlugin {openblocks.OpenBlocksCorePlugin}
[21:39:12] [main/DEBUG] [FML/]: Running coremod plugin OpenBlocksCorePlugin
[21:39:12] [main/DEBUG] [FML/]: Coremod plugin class OpenBlocksCorePlugin run successfully
[21:39:12] [main/INFO] [LaunchWrapper/]: Calling tweak class cpw.mods.fml.common.launcher.FMLDeobfTweaker
[21:39:12] [main/DEBUG] [FML/]: Loaded 57 rules from AccessTransformer config file fml_at.cfg
[21:39:12] [main/DEBUG] [FML/]: Loaded 89 rules from AccessTransformer config file forge_at.cfg
[21:39:12] [main/DEBUG] [FML/]: Loaded 57 rules from AccessTransformer config file fml_at.cfg
[21:39:12] [main/DEBUG] [FML/]: Loaded 30 rules from AccessTransformer config file micdoodlecore_at.cfg
[21:39:12] [main/DEBUG] [FML/]: Loaded 19 rules from AccessTransformer mod jar file C:\Users\archer\Downloads\hex2\git-tekxit-server\mods\HardcoreEnderExpansion  MC-1.7.10  v1.8.6.jar!META-INF/hee_at.cfg

[21:39:12] [main/DEBUG] [FML/]: Loaded 6 rules from AccessTransformer mod jar file C:\Users\archer\Downloads\hex2\git-tekxit-server\mods\ThermalDynamics-[1.7.10]1.2.1-172.jar!META-INF/tdynamics_at.cfg

[21:39:12] [main/DEBUG] [FML/]: Loaded 5 rules from AccessTransformer mod jar file C:\Users\archer\Downloads\hex2\git-tekxit-server\mods\hexxitgear-1.0.jar!META-INF/hexxitgear_at.cfg

[21:39:12] [main/DEBUG] [FML/]: Loaded 6 rules from AccessTransformer mod jar file C:\Users\archer\Downloads\hex2\git-tekxit-server\mods\witchery-1.7.10-0.24.1.jar!META-INF/witchery_at.cfg

[21:39:12] [main/DEBUG] [FML/]: Loaded 4 rules from AccessTransformer mod jar file C:\Users\archer\Downloads\hex2\git-tekxit-server\mods\Chisel-2.9.5.11.jar!META-INF/chisel_compile_at.cfg

[21:39:12] [main/DEBUG] [FML/]: Loaded 31 rules from AccessTransformer mod jar file C:\Users\archer\Downloads\hex2\git-tekxit-server\mods\TConstruct-1.7.10-1.8.8.jar!META-INF/TConstruct_at.cfg

[21:39:12] [main/DEBUG] [FML/]: Loaded 60 rules from AccessTransformer mod jar file C:\Users\archer\Downloads\hex2\git-tekxit-server\mods\iChunUtil-4.2.3.jar!META-INF/iChunUtil_at.cfg

[21:39:12] [main/DEBUG] [FML/]: Loaded 11 rules from AccessTransformer mod jar file C:\Users\archer\Downloads\hex2\git-tekxit-server\mods\NotEnoughItems-1.7.10-1.0.5.120-universal.jar!META-INF/nei_at.cfg

[21:39:12] [main/DEBUG] [FML/]: Validating minecraft
[21:39:12] [main/DEBUG] [FML/]: Minecraft validated, launching...
[21:39:12] [main/INFO] [LaunchWrapper/]: Calling tweak class cpw.mods.fml.relauncher.CoreModManager$FMLPluginWrapper
[21:39:12] [main/DEBUG] [FML/]: Injecting coremod Brandon's Core {com.brandon3055.brandonscore.asm.LoadingPlugin} class transformers
[21:39:12] [main/TRACE] [FML/]: Registering transformer com.brandon3055.brandonscore.asm.ClassTransformer
[21:39:12] [main/DEBUG] [FML/]: Injection complete
[21:39:12] [main/DEBUG] [FML/]: Running coremod plugin for Brandon's Core {com.brandon3055.brandonscore.asm.LoadingPlugin}
[21:39:12] [main/DEBUG] [FML/]: Running coremod plugin Brandon's Core
[21:39:12] [main/DEBUG] [FML/]: Coremod plugin class LoadingPlugin run successfully
[21:39:12] [main/INFO] [LaunchWrapper/]: Calling tweak class cpw.mods.fml.relauncher.CoreModManager$FMLPluginWrapper
[21:39:12] [main/DEBUG] [FML/]: Injecting coremod LoadingPlugin {cofh.asm.LoadingPlugin} class transformers
[21:39:12] [main/TRACE] [FML/]: Registering transformer cofh.asm.CoFHClassTransformer
[21:39:12] [main/DEBUG] [FML/]: Injection complete
[21:39:12] [main/DEBUG] [FML/]: Running coremod plugin for LoadingPlugin {cofh.asm.LoadingPlugin}
[21:39:12] [main/DEBUG] [FML/]: Running coremod plugin LoadingPlugin
[21:39:12] [main/DEBUG] [CoFHASM/]: Adding CoFHAT: MFR_at.cfg from: MineFactoryReloaded-[1.7.10]2.8.1-174.jar
[21:39:12] [main/DEBUG] [FML/]: Coremod plugin class LoadingPlugin run successfully
[21:39:12] [main/INFO] [LaunchWrapper/]: Calling tweak class cpw.mods.fml.relauncher.CoreModManager$FMLPluginWrapper
[21:39:12] [main/DEBUG] [FML/]: Injecting coremod TLLoadingPlugin {com.gildedgames.util.threadedlighting.TLLoadingPlugin} class transformers
[21:39:12] [main/TRACE] [FML/]: Registering transformer com.gildedgames.util.threadedlighting.asm.TLTransformer
[21:39:12] [main/DEBUG] [FML/]: Injection complete
[21:39:12] [main/DEBUG] [FML/]: Running coremod plugin for TLLoadingPlugin {com.gildedgames.util.threadedlighting.TLLoadingPlugin}
[21:39:12] [main/DEBUG] [FML/]: Running coremod plugin TLLoadingPlugin
[21:39:12] [main/DEBUG] [FML/]: Coremod plugin class TLLoadingPlugin run successfully
[21:39:12] [main/INFO] [LaunchWrapper/]: Calling tweak class cpw.mods.fml.relauncher.CoreModManager$FMLPluginWrapper
[21:39:12] [main/DEBUG] [FML/]: Injecting coremod ICCoreMod {mods.immibis.core.ICCoreMod} class transformers
[21:39:12] [main/TRACE] [FML/]: Registering transformer mods.immibis.core.impl.MultiInterfaceClassTransformer
[21:39:12] [main/TRACE] [FML/]: Registering transformer mods.immibis.core.impl.TraitTransformer
[21:39:12] [main/TRACE] [FML/]: Registering transformer mods.immibis.core.multipart.MultipartCoreHookTransformer
[21:39:12] [main/DEBUG] [FML/]: Injection complete
[21:39:12] [main/DEBUG] [FML/]: Running coremod plugin for ICCoreMod {mods.immibis.core.ICCoreMod}
[21:39:12] [main/DEBUG] [FML/]: Running coremod plugin ICCoreMod
[21:39:12] [main/DEBUG] [FML/]: Coremod plugin class ICCoreMod run successfully
[21:39:12] [main/INFO] [LaunchWrapper/]: Loading tweak class name cpw.mods.fml.common.launcher.TerminalTweaker
[21:39:12] [main/INFO] [LaunchWrapper/]: Calling tweak class cpw.mods.fml.common.launcher.TerminalTweaker
[21:39:13] [main/INFO] [STDOUT/]: [micdoodle8.mods.miccore.MicdoodleTransformer:printLog:1989]: Galacticraft successfully injected bytecode into: ahb (1 / 1)
[21:39:13] [main/DEBUG] [OpenMods/]: openmods.core.OpenModsClassTransformer$7$1.createVisitor(OpenModsClassTransformer.java:194): Trying to patch EntityPlayer (class: yz)
[21:39:13] [main/TRACE] [OpenMods/]: openmods.utils.StateTracker$StateUpdater.update(StateTracker.java:26): State of player_damage_hook updated from ENABLED to ACTIVATED
[21:39:13] [main/TRACE] [OpenMods/]: openmods.utils.StateTracker$StateUpdater.update(StateTracker.java:26): State of player_damage_hook updated from ACTIVATED to FINISHED
[21:39:13] [main/DEBUG] [OpenMods/]: openblocks.asm.OpenBlocksClassTransformer$1.createVisitor(OpenBlocksClassTransformer.java:19): Trying to patch EntityPlayer.isInBed (class: yz)
[21:39:13] [main/DEBUG] [OpenMods/]: openblocks.asm.EntityPlayerVisitor$HookMethodVisitor.visitCode(EntityPlayerVisitor.java:30): isInBed patch applied. Enabling sleeping bags
[21:39:13] [main/INFO] [STDOUT/]: [micdoodle8.mods.miccore.MicdoodleTransformer:printLog:1989]: Galacticraft successfully injected bytecode into: sv (1 / 1)
[21:39:13] [main/INFO] [LaunchWrapper/]: Launching wrapped minecraft {net.minecraft.server.MinecraftServer}
[21:39:13] [main/DEBUG] [CCL ASM/]: Writing method [aji.canBeReplacedByLeaves(Lahl;III)Z]
[21:39:13] [main/INFO] [STDOUT/]: [micdoodle8.mods.miccore.MicdoodleTransformer:printLog:1989]: Galacticraft successfully injected bytecode into: xk (1 / 1)
